<?xml version="1.0" encoding="UTF-8"?>
<!-- Generated by org.testng.reporters.JUnitReportReporter -->
<testsuite hostname="DESKTOP-CSVPKHJ" failures="0" tests="1" name="myDemos.MyTest" time="36.032" errors="0" timestamp="2022-06-21T20:35:10 IST" skipped="0">
  <testcase classname="myDemos.MyTest" name="Search" time="36.032"/>
  <system-out>
    <![CDATA[Ebay Search Test is Successful...]]>
  </system-out>
</testsuite> <!-- myDemos.MyTest -->
