<?xml version="1.0" encoding="UTF-8"?>
<!-- Generated by org.testng.reporters.JUnitReportReporter -->
<testsuite hostname="DESKTOP-CSVPKHJ" failures="0" tests="1" name="pomTests.EbayProdCatSearchTest" time="60.516" errors="0" timestamp="2022-06-22T19:55:38 IST" skipped="0">
  <testcase classname="pomTests.EbayProdCatSearchTest" name="catSearch" time="60.516"/>
  <system-out>
    <![CDATA[Ebay Product Search in a category Test is Successful...]]>
  </system-out>
</testsuite> <!-- pomTests.EbayProdCatSearchTest -->
