<?xml version="1.0" encoding="UTF-8"?>
<!-- Generated by org.testng.reporters.JUnitReportReporter -->
<testsuite hostname="DESKTOP-CSVPKHJ" failures="0" tests="2" name="HybridFrameworkDemos.HybridEbayProdCatSearchTest" time="56.120" errors="0" timestamp="2022-06-23T20:27:20 IST" skipped="0">
  <testcase classname="HybridFrameworkDemos.HybridEbayProdCatSearchTest" name="catSearch" time="36.090"/>
  <system-out>
    <![CDATA['Selenium WebDriver' Product Search in 'Books' Category Test is Successful...]]>
  </system-out>
  <testcase classname="HybridFrameworkDemos.HybridEbayProdCatSearchTest" name="catSearch" time="20.030"/>
  <system-out>
    <![CDATA['English' Product Search in 'Music' Category Test is Successful...]]>
  </system-out>
</testsuite> <!-- HybridFrameworkDemos.HybridEbayProdCatSearchTest -->
