<?xml version="1.0" encoding="UTF-8"?>
<!-- Generated by org.testng.reporters.JUnitReportReporter -->
<testsuite hostname="DESKTOP-CSVPKHJ" failures="0" tests="1" name="pomTests.POMEbayProdSearchTest" time="24.097" errors="0" timestamp="2022-06-22T20:18:26 IST" skipped="0">
  <testcase classname="pomTests.POMEbayProdSearchTest" name="prodSearch" time="24.097"/>
  <system-out>
    <![CDATA[Ebay Product Search Test is Successful...]]>
  </system-out>
</testsuite> <!-- pomTests.POMEbayProdSearchTest -->
