<?xml version="1.0" encoding="UTF-8"?>
<!-- Generated by org.testng.reporters.JUnitReportReporter -->
<testsuite hostname="DESKTOP-CSVPKHJ" failures="0" tests="1" name="kwdfDemos.MyTest" time="59.461" errors="0" timestamp="2022-06-24T20:13:55 IST" skipped="0">
  <testcase classname="kwdfDemos.MyTest" name="SampleTest" time="59.461"/>
  <system-out/>
</testsuite> <!-- kwdfDemos.MyTest -->
