<?xml version="1.0" encoding="UTF-8"?>
<!-- Generated by org.testng.reporters.JUnitReportReporter -->
<testsuite hostname="DESKTOP-CSVPKHJ" failures="0" tests="2" name="ddfDemos.DDFEbayProdSearchTest" time="76.060" errors="0" timestamp="2022-06-23T20:13:01 IST" skipped="0">
  <testcase classname="ddfDemos.DDFEbayProdSearchTest" name="prodSearch" time="52.964"/>
  <system-out>
    <![CDATA['English' Product Search Test is Successful...]]>
  </system-out>
  <testcase classname="ddfDemos.DDFEbayProdSearchTest" name="prodSearch" time="23.096"/>
  <system-out>
    <![CDATA['Selenium WebDriver' Product Search Test is Successful...]]>
  </system-out>
</testsuite> <!-- ddfDemos.DDFEbayProdSearchTest -->
