<?xml version="1.0" encoding="UTF-8"?>
<!-- Generated by org.testng.reporters.JUnitReportReporter -->
<testsuite hostname="DESKTOP-CSVPKHJ" failures="0" tests="1" name="pomTests.POMEbayProdCatSearchTest" time="27.073" errors="0" timestamp="2022-06-22T20:20:07 IST" skipped="0">
  <testcase classname="pomTests.POMEbayProdCatSearchTest" name="catSearch" time="27.073"/>
  <system-out>
    <![CDATA[Ebay Product Search in a category Test is Successful...]]>
  </system-out>
</testsuite> <!-- pomTests.POMEbayProdCatSearchTest -->
