<?xml version="1.0" encoding="UTF-8"?>
<!-- Generated by org.testng.reporters.JUnitReportReporter -->
<testsuite hostname="DESKTOP-CSVPKHJ" failures="0" tests="1" name="pomTests.EbayProdSearchTest" time="31.383" errors="0" timestamp="2022-06-22T19:52:47 IST" skipped="0">
  <testcase classname="pomTests.EbayProdSearchTest" name="prodSearch" time="31.383"/>
  <system-out>
    <![CDATA[Product Search Test is Successful...]]>
  </system-out>
</testsuite> <!-- pomTests.EbayProdSearchTest -->
